0 info it worked if it ends with ok
1 verbose cli [ '/usr/local/bin/node',
1 verbose cli   '/usr/local/bin/npm',
1 verbose cli   'install',
1 verbose cli   '--save',
1 verbose cli   'react-native' ]
2 info using npm@3.6.0
3 info using node@v5.7.1
4 silly loadCurrentTree Starting
5 silly install loadCurrentTree
6 silly install readLocalPackageData
7 silly fetchPackageMetaData react-native
8 silly fetchNamedPackageData react-native
9 silly mapToRegistry name react-native
10 silly mapToRegistry using default registry
11 silly mapToRegistry registry https://registry.npmjs.org/
12 silly mapToRegistry uri https://registry.npmjs.org/react-native
13 verbose request uri https://registry.npmjs.org/react-native
14 verbose request no auth needed
15 info attempt registry request try #1 at 23:09:31
16 verbose request id 91c09ff402d45067
17 http request GET https://registry.npmjs.org/react-native
18 http 200 https://registry.npmjs.org/react-native
19 verbose headers { server: 'CouchDB/1.5.0 (Erlang OTP/R16B03)',
19 verbose headers   etag: '"12K2NZMGP8K6O7NJZMBM10RG6"',
19 verbose headers   'content-type': 'application/json',
19 verbose headers   'cache-control': 'max-age=300',
19 verbose headers   'content-length': '254862',
19 verbose headers   'accept-ranges': 'bytes',
19 verbose headers   date: 'Sat, 26 Mar 2016 15:09:32 GMT',
19 verbose headers   via: '1.1 varnish',
19 verbose headers   age: '76',
19 verbose headers   connection: 'keep-alive',
19 verbose headers   'x-served-by': 'cache-fra1224-FRA',
19 verbose headers   'x-cache': 'HIT',
19 verbose headers   'x-cache-hits': '1',
19 verbose headers   'x-timer': 'S1459004972.225704,VS0,VE0',
19 verbose headers   vary: 'Accept' }
20 silly get cb [ 200,
20 silly get   { server: 'CouchDB/1.5.0 (Erlang OTP/R16B03)',
20 silly get     etag: '"12K2NZMGP8K6O7NJZMBM10RG6"',
20 silly get     'content-type': 'application/json',
20 silly get     'cache-control': 'max-age=300',
20 silly get     'content-length': '254862',
20 silly get     'accept-ranges': 'bytes',
20 silly get     date: 'Sat, 26 Mar 2016 15:09:32 GMT',
20 silly get     via: '1.1 varnish',
20 silly get     age: '76',
20 silly get     connection: 'keep-alive',
20 silly get     'x-served-by': 'cache-fra1224-FRA',
20 silly get     'x-cache': 'HIT',
20 silly get     'x-cache-hits': '1',
20 silly get     'x-timer': 'S1459004972.225704,VS0,VE0',
20 silly get     vary: 'Accept' } ]
21 verbose get saving react-native to /Users/zhouwei/.npm/registry.npmjs.org/react-native/.cache.json
22 verbose correctMkdir /Users/zhouwei/.npm correctMkdir not in flight; initializing
23 silly install normalizeTree
24 silly loadCurrentTree Finishing
25 silly loadIdealTree Starting
26 silly install loadIdealTree
27 silly cloneCurrentTree Starting
28 silly install cloneCurrentTreeToIdealTree
29 silly cloneCurrentTree Finishing
30 silly loadShrinkwrap Starting
31 silly install loadShrinkwrap
32 silly loadShrinkwrap Finishing
33 silly loadAllDepsIntoIdealTree Starting
34 silly install loadAllDepsIntoIdealTree
35 silly resolveWithNewModule react-native@0.22.2 checking installable status
36 silly cache add args [ 'react-native', null ]
37 verbose cache add spec react-native
38 silly cache add parsed spec Result {
38 silly cache add   raw: 'react-native',
38 silly cache add   scope: null,
38 silly cache add   name: 'react-native',
38 silly cache add   rawSpec: '',
38 silly cache add   spec: 'latest',
38 silly cache add   type: 'tag' }
39 silly addNamed react-native@latest
40 verbose addNamed "latest" is being treated as a dist-tag for react-native
41 info addNameTag [ 'react-native', 'latest' ]
42 silly mapToRegistry name react-native
43 silly mapToRegistry using default registry
44 silly mapToRegistry registry https://registry.npmjs.org/
45 silly mapToRegistry uri https://registry.npmjs.org/react-native
46 verbose addNameTag registry:https://registry.npmjs.org/react-native not in flight; fetching
47 verbose get https://registry.npmjs.org/react-native not expired, no request
48 silly addNameTag next cb for react-native with tag latest
49 silly addNamed react-native@0.22.2
50 verbose addNamed "0.22.2" is a plain semver version for react-native
51 silly mapToRegistry name react-native
52 silly mapToRegistry using default registry
53 silly mapToRegistry registry https://registry.npmjs.org/
54 silly mapToRegistry uri https://registry.npmjs.org/react-native
55 verbose addRemoteTarball https://registry.npmjs.org/react-native/-/react-native-0.22.2.tgz not in flight; adding
56 verbose addRemoteTarball [ 'https://registry.npmjs.org/react-native/-/react-native-0.22.2.tgz',
56 verbose addRemoteTarball   '676536dab4b95ef0c4ffd34e3e99ce4beda5f025' ]
57 info retry fetch attempt 1 at 23:09:39
58 info attempt registry request try #1 at 23:09:39
59 http fetch GET https://registry.npmjs.org/react-native/-/react-native-0.22.2.tgz
60 http fetch 200 https://registry.npmjs.org/react-native/-/react-native-0.22.2.tgz
61 silly fetchAndShaCheck shasum 676536dab4b95ef0c4ffd34e3e99ce4beda5f025
62 silly rollbackFailedOptional Starting
63 silly rollbackFailedOptional Finishing
64 silly runTopLevelLifecycles Starting
65 silly runTopLevelLifecycles Finishing
66 silly install printInstalled
67 verbose stack Error: shasum check failed for /var/folders/p5/m7yh3thn2nsfgy7s5fb8r1l40000gn/T/npm-4271-c463cf40/registry.npmjs.org/react-native/-/react-native-0.22.2.tgz
67 verbose stack Expected: 676536dab4b95ef0c4ffd34e3e99ce4beda5f025
67 verbose stack Actual:   b93b853870d4cd86be7de9aea3bc45ae4a4f2ef2
67 verbose stack From:     https://registry.npmjs.org/react-native/-/react-native-0.22.2.tgz
67 verbose stack     at /usr/local/lib/node_modules/npm/node_modules/sha/index.js:25:8
67 verbose stack     at ReadStream.<anonymous> (/usr/local/lib/node_modules/npm/node_modules/sha/index.js:72:7)
67 verbose stack     at emitNone (events.js:85:20)
67 verbose stack     at ReadStream.emit (events.js:179:7)
67 verbose stack     at endReadableNT (_stream_readable.js:913:12)
67 verbose stack     at _combinedTickCallback (node.js:377:13)
67 verbose stack     at process._tickCallback (node.js:401:11)
68 verbose cwd /Users/zhouwei/Desktop/程序开发/ReactNativeApp
69 error Darwin 15.4.0
70 error argv "/usr/local/bin/node" "/usr/local/bin/npm" "install" "--save" "react-native"
71 error node v5.7.1
72 error npm  v3.6.0
73 error shasum check failed for /var/folders/p5/m7yh3thn2nsfgy7s5fb8r1l40000gn/T/npm-4271-c463cf40/registry.npmjs.org/react-native/-/react-native-0.22.2.tgz
73 error Expected: 676536dab4b95ef0c4ffd34e3e99ce4beda5f025
73 error Actual:   b93b853870d4cd86be7de9aea3bc45ae4a4f2ef2
73 error From:     https://registry.npmjs.org/react-native/-/react-native-0.22.2.tgz
74 error If you need help, you may report this error at:
74 error     <https://github.com/npm/npm/issues>
75 verbose exit [ 1, true ]
